make all --print-data-base --no-builtin-variables --no-builtin-rules --question
# GNU Make 4.2.1
# Built for x86_64-pc-linux-gnu
# Copyright (C) 1988-2016 Free Software Foundation, Inc.
# License GPLv3+: GNU GPL version 3 or later <http://gnu.org/licenses/gpl.html>
# This is free software: you are free to change and redistribute it.
# There is NO WARRANTY, to the extent permitted by law.

# Make data base, printed on Fri Jun 17 14:18:24 2022

# Variables

# 'override' directive
GNUMAKEFLAGS := 
# automatic
<D = $(patsubst %/,%,$(dir $<))
# automatic
?F = $(notdir $?)
# environment
DESKTOP_SESSION = ubuntu
# default
.SHELLFLAGS := -c
# environment
XDG_SESSION_CLASS = user
# environment
XDG_SESSION_TYPE = x11
# environment
VSCODE_LOG_NATIVE = false
# automatic
?D = $(patsubst %/,%,$(dir $?))
# environment
IM_CONFIG_PHASE = 1
# automatic
@D = $(patsubst %/,%,$(dir $@))
# environment
XAUTHORITY = /run/user/1000/gdm/Xauthority
# environment
GDMSESSION = ubuntu
# environment
XMODIFIERS = @im=ibus
# makefile
CURDIR := /home/tomas/lab_org/marmi_workspace
# makefile
SHELL = /bin/sh
# environment
VSCODE_NLS_CONFIG = {"locale":"es-419","availableLanguages":{},"_languagePackSupport":true}
# environment
JOURNAL_STREAM = 8:42539
# environment
XDG_CONFIG_DIRS = /etc/xdg/xdg-ubuntu:/etc/xdg
# makefile (from 'Makefile', line 1)
MAKEFILE_LIST :=  Makefile
# automatic
@F = $(notdir $@)
# environment
GIO_LAUNCHED_DESKTOP_FILE = /usr/share/applications/code.desktop
# environment
USERNAME = tomas
# environment
MANDATORY_PATH = /usr/share/gconf/ubuntu.mandatory.path
# environment
XDG_DATA_DIRS = /usr/share/ubuntu:/usr/local/share/:/usr/share/:/var/lib/snapd/desktop
# environment
DBUS_SESSION_BUS_ADDRESS = unix:path=/run/user/1000/bus,guid=17891fc9f3da7fcde4e0d24e62ac6ffb
# environment
VSCODE_VERBOSE_LOGGING = true
# environment
_ = /usr/share/code/code
# environment
MANAGERPID = 1323
# environment
LESSOPEN = | /usr/bin/lesspipe %s
# environment
VSCODE_CWD = /home/tomas
# default
MAKE_HOST := x86_64-pc-linux-gnu
# environment
PATH = /usr/local/sbin:/usr/local/bin:/usr/sbin:/usr/bin:/sbin:/bin:/usr/games:/usr/local/games:/snap/bin
# environment
GPG_AGENT_INFO = /run/user/1000/gnupg/S.gpg-agent:0:1
# environment
SESSION_MANAGER = local/tomas-Aspire-A315-22:@/tmp/.ICE-unix/1556,unix/tomas-Aspire-A315-22:/tmp/.ICE-unix/1556
# environment
XDG_RUNTIME_DIR = /run/user/1000
# environment
XDG_MENU_PREFIX = gnome-
# environment
VSCODE_LOG_STACK = false
# environment
ELECTRON_RUN_AS_NODE = 1
# environment
INVOCATION_ID = ad067693e356456e9cc098581918a206
# default
.FEATURES := target-specific order-only second-expansion else-if shortest-stem undefine oneshell archives jobserver output-sync check-symlink load
# environment
LS_COLORS = 
# environment
XDG_SESSION_DESKTOP = ubuntu
# environment
SSH_AUTH_SOCK = /run/user/1000/keyring/ssh
# environment
GIO_LAUNCHED_DESKTOP_FILE_PID = 32994
# automatic
%F = $(notdir $%)
# environment
DISPLAY = :0
# makefile (from 'Makefile', line 1)
ARMGNU = aarch64-linux-gnu
# environment
VSCODE_PIPE_LOGGING = true
# environment
PWD = /home/tomas/lab_org/marmi_workspace
# default
.LOADED := 
# environment
SSH_AGENT_PID = 1513
# environment
ORIGINAL_XDG_CURRENT_DESKTOP = ubuntu:GNOME
# environment
GTK_MODULES = gail:atk-bridge
# environment
VSCODE_AMD_ENTRYPOINT = vs/workbench/api/node/extensionHostProcess
# environment
HOME = /home/tomas
# makefile (from 'Makefile', line 5)
ASM_OBJS = $(ASM_SRCS:.s=.o)
# environment
LESSCLOSE = /usr/bin/lesspipe %s %s
# environment
VSCODE_CODE_CACHE_PATH = /home/tomas/.config/Code/CachedData/4af164ea3a06f701fe3e89a2bcbb421d2026b68f
# environment
LOGNAME = tomas
# environment
APPLICATION_INSIGHTS_NO_DIAGNOSTIC_CHANNEL = 1
# environment
VSCODE_HANDLES_UNCAUGHT_ERRORS = true
# environment
GNOME_DESKTOP_SESSION_ID = this-is-deprecated
# automatic
^D = $(patsubst %/,%,$(dir $^))
# environment
MAKELEVEL := 0
# default
MAKE = $(MAKE_COMMAND)
# default
MAKECMDGOALS := all
# environment
QT_IM_MODULE = ibus
# environment
SHLVL = 0
# environment
GNOME_SHELL_SESSION_MODE = ubuntu
# environment
VSCODE_IPC_HOOK_EXTHOST = /run/user/1000/vscode-ipc-af63f0ce-ac33-489f-a10c-96b3211e6f8c.sock
# default
MAKE_VERSION := 4.2.1
# environment
USER = tomas
# makefile
.DEFAULT_GOAL := all
# environment
XDG_CURRENT_DESKTOP = Unity
# automatic
%D = $(patsubst %/,%,$(dir $%))
# default
MAKE_COMMAND := make
# default
.VARIABLES := 
# automatic
*F = $(notdir $*)
# environment
LANGUAGE = es_AR:es
# environment
VSCODE_IPC_HOOK = /run/user/1000/vscode-4e534ead-1.68.0-main.sock
# makefile
MAKEFLAGS = pqrR
# environment
MFLAGS = -pqrR
# automatic
*D = $(patsubst %/,%,$(dir $*))
# automatic
+D = $(patsubst %/,%,$(dir $+))
# environment
GDK_BACKEND = x11
# automatic
+F = $(notdir $+)
# environment
QT_ACCESSIBILITY = 1
# makefile (from 'Makefile', line 3)
AOPS = -g --warn --fatal-warnings
# environment
DEFAULTS_PATH = /usr/share/gconf/ubuntu.default.path
# default
MAKEFILES := 
# automatic
<F = $(notdir $<)
# makefile (from 'Makefile', line 4)
ASM_SRCS = $(wildcard *.s)
# environment
LC_ALL = C
# environment
DBUS_STARTER_BUS_TYPE = session
# automatic
^F = $(notdir $^)
# default
SUFFIXES := 
# environment
CHROME_DESKTOP = code-url-handler.desktop
# environment
WINDOWPATH = 2
# default
.INCLUDE_DIRS = /usr/include /usr/local/include /usr/include
# default
.RECIPEPREFIX := 
# environment
LANG = C
# environment
VSCODE_PID = 32994
# environment
DBUS_STARTER_ADDRESS = unix:path=/run/user/1000/bus,guid=17891fc9f3da7fcde4e0d24e62ac6ffb
# variable set hash-table stats:
# Load=104/1024=10%, Rehash=0, Collisions=13/140=9%

# Pattern-specific Variable Values

# No pattern-specific variable values.

# Directories

# . (device 2050, inode 5243462): 35 files, no impossibilities.

# 35 files, no impossibilities in 1 directories.

# Implicit Rules

%.o: %.s
#  recipe to execute (from 'Makefile', line 10):
	$(ARMGNU)-as $(AOPS) $< -o $@

# 1 implicit rules, 0 (0.0%) terminal.

# Files

background.o: background.s
#  Implicit rule search has been done.
#  Implicit/static pattern stem: 'background'
#  Last modified 2022-06-17 14:16:05.459467908
#  File has been updated.
#  Successfully updated.
#  recipe to execute (from 'Makefile', line 10):
	$(ARMGNU)-as $(AOPS) $< -o $@

# Not a target:
sun.s:
#  Implicit rule search has been done.
#  Last modified 2022-06-17 09:53:48.022304127
#  File has been updated.
#  Successfully updated.

# Not a target:
global.s:
#  Implicit rule search has been done.
#  Last modified 2022-06-17 09:53:47.814308965
#  File has been updated.
#  Successfully updated.

all: kernel8.img
#  Command line target.
#  Implicit rule search has been done.
#  File does not exist.
#  File has been updated.
#  Needs to be updated (-q is set).
# variable set hash-table stats:
# Load=0/32=0%, Rehash=0, Collisions=0/8=0%

iceberg.o: iceberg.s
#  Implicit rule search has been done.
#  Implicit/static pattern stem: 'iceberg'
#  Last modified 2022-06-17 14:16:05.459467908
#  File has been updated.
#  Successfully updated.
 
#  recipe to execute (from 'Makefile', line 10):
	$(ARMGNU)-as $(AOPS) $< -o $@

# Not a target:
letters.s:
#  Implicit rule search has been done.
#  Last modified 2022-06-17 09:53:47.938306081
#  File has been updated.
#  Successfully updated.

# Not a target:
boat.s:
#  Implicit rule search has been done.
#  Last modified 2022-06-17 09:53:47.814308965
#  File has been updated.
#  Successfully updated.

# Not a target:
.SUFFIXES:
#  Implicit rule search has not been done.
#  Modification time never checked.
#  File has not been updated.

# Not a target:
Makefile:
#  Implicit rule search has been done.
#  Last modified 2022-05-27 19:47:52.672895233
#  File has been updated.
#  Successfully updated.

start.o: start.s
#  Implicit rule search has been done.
#  Implicit/static pattern stem: 'start'
#  Last modified 2022-06-17 14:16:05.471468005
#  File has been updated.
#  Successfully updated.
#  recipe to execute (from 'Makefile', line 10):
	$(ARMGNU)-as $(AOPS) $< -o $@

app.o: app.s
#  Implicit rule search has been done.
#  Implicit/static pattern stem: 'app'
#  Last modified 2022-06-17 14:16:05.459467908
#  File has been updated.
#  Successfully updated.
#  recipe to execute (from 'Makefile', line 10):
	$(ARMGNU)-as $(AOPS) $< -o $@

# Not a target:
background.s:
#  Implicit rule search has been done.
#  Last modified 2022-06-17 14:16:05.459467908
#  File has been updated.
#  Successfully updated.

# Not a target:
iceberg.s:
#  Implicit rule search has been done.
#  Last modified 2022-06-17 09:53:47.814308965
#  File has been updated.
#  Successfully updated.

# Not a target:
.DEFAULT:
#  Implicit rule search has not been done.
#  Modification time never checked.
#  File has not been updated.

# Not a target:
start.s:
#  Implicit rule search has been done.
#  Last modified 2022-05-27 19:47:52.680895423
#  File has been updated.
#  Successfully updated.

run: all
#  Implicit rule search has not been done.
#  Modification time never checked.
#  File has not been updated.
#  recipe to execute (from 'Makefile', line 21):
	qemu-system-aarch64 -M raspi3 -kernel kernel8.img -serial stdio

# Not a target:
app.s:
#  Implicit rule search has been done.
#  Last modified 2022-06-17 14:16:05.459467908
#  File has been updated.
#  Successfully updated.

clean:
#  Implicit rule search has not been done.
#  Modification time never checked.
#  File has not been updated.
#  recipe to execute (from 'Makefile', line 13):
	rm -f *.o memory_map.txt kernel8.list kernel8.img kernel8.elf

sun.o: sun.s
#  Implicit rule search has been done.
#  Implicit/static pattern stem: 'sun'
#  Last modified 2022-06-17 14:16:05.471468005
#  File has been updated.
#  Successfully updated.
#  recipe to execute (from 'Makefile', line 10):
	$(ARMGNU)-as $(AOPS) $< -o $@

global.o: global.s
#  Implicit rule search has been done.
#  Implicit/static pattern stem: 'global'
#  Last modified 2022-06-17 09:53:47.814308965
#  File has been updated.
#  Successfully updated.
#  recipe to execute (from 'Makefile', line 10):
	$(ARMGNU)-as $(AOPS) $< -o $@

runGDB:
#  Implicit rule search has not been done.
#  Modification time never checked.
#  File has not been updated.
#  recipe to execute (from 'Makefile', line 27):
	gdb-multiarch -ex "set architecture aarch64" -ex "target remote localhost:1234" --ex "dashboard registers -style list 'x0 x1 x2 x3 x4 x5 x6 x7 x8 x9 x10 x11 x12 x13 x14 x15 x16 x17 x18 x19 x20 x21 x22 x23 x24 x25 x26 x27 x28 x29 x30 sp pc cpsr'"

letters.o: letters.s
#  Implicit rule search has been done.
#  Implicit/static pattern stem: 'letters'
#  Last modified 2022-06-17 14:16:05.471468005
#  File has been updated.
#  Successfully updated.
#  recipe to execute (from 'Makefile', line 10):
	$(ARMGNU)-as $(AOPS) $< -o $@

runQEMU: kernel8.img
#  Implicit rule search has not been done.
#  Modification time never checked.
#  File has not been updated.
#  recipe to execute (from 'Makefile', line 24):
	qemu-system-aarch64 -s -S -M raspi3 -kernel kernel8.img

# Not a target:
memmap:
#  Implicit rule search has been done.
#  Last modified 2022-05-27 19:47:52.680895423
#  File has been updated.
#  Successfully updated.

# Not a target:
mountain.s:
#  Implicit rule search has been done.
#  Last modified 2022-06-17 09:53:47.958305616
#  File has been updated.
#  Successfully updated.

boat.o: boat.s
#  Implicit rule search has been done.
#  Implicit/static pattern stem: 'boat'
#  Last modified 2022-06-17 14:16:05.459467908
#  File has been updated.
#  Successfully updated.
#  recipe to execute (from 'Makefile', line 10):
	$(ARMGNU)-as $(AOPS) $< -o $@

mountain.o: mountain.s
#  Implicit rule search has been done.
#  Implicit/static pattern stem: 'mountain'
#  Last modified 2022-06-17 14:16:05.471468005
#  File has been updated.
#  Successfully updated.
#  recipe to execute (from 'Makefile', line 10):
	$(ARMGNU)-as $(AOPS) $< -o $@

kernel8.img: memmap iceberg.o app.o global.o boat.o sun.o background.o start.o letters.o mountain.o
#  Implicit rule search has not been done.
#  Implicit/static pattern stem: ''
#  Last modified 2022-06-17 14:16:05.467467973
#  File has been updated.
#  Needs to be updated (-q is set).
# automatic
# @ := kernel8.img
# automatic
# % := 
# automatic
# * := 
# automatic
# + := memmap iceberg.o app.o global.o boat.o sun.o background.o start.o letters.o mountain.o
# automatic
# | := 
# automatic
# < := memmap
# automatic
# ^ := memmap iceberg.o app.o global.o boat.o sun.o background.o start.o letters.o mountain.o
# automatic
# ? := sun.o start.o letters.o mountain.o
# variable set hash-table stats:
# Load=8/32=25%, Rehash=0, Collisions=4/16=25%
#  recipe to execute (from 'Makefile', line 16):
	$(ARMGNU)-ld $(ASM_OBJS) -T memmap -o kernel8.elf -M > memory_map.txt
	$(ARMGNU)-objdump -D kernel8.elf > kernel8.list
	$(ARMGNU)-objcopy kernel8.elf -O binary kernel8.img

# files hash-table stats:
# Load=28/1024=3%, Rehash=0, Collisions=5/81=6%
# VPATH Search Paths

# No 'vpath' search paths.

# No general ('VPATH' variable) search path.

# strcache buffers: 1 (0) / strings = 55 / storage = 458 B / avg = 8 B
# current buf: size = 8162 B / used = 458 B / count = 55 / avg = 8 B

# strcache performance: lookups = 99 / hit rate = 44%
# hash-table stats:
# Load=55/8192=1%, Rehash=0, Collisions=1/99=1%
# Finished Make data base on Fri Jun 17 14:18:24 2022

 
